The system is: Linux - 4.2.0-27-generic - x86_64
Compiling the C compiler identification source file "CMakeCCompilerId.c" succeeded.
Compiler: /usr/bin/cc 
Build flags: 
Id flags: 

The output was:
0


Compilation of the C compiler identification source "CMakeCCompilerId.c" produced "a.out"

The C compiler identification is GNU, found in "/home/deeprl/torch/build/CMakeFiles/2.8.12.2/CompilerIdC/a.out"

Compiling the CXX compiler identification source file "CMakeCXXCompilerId.cpp" succeeded.
Compiler: /usr/bin/c++ 
Build flags: 
Id flags: 

The output was:
0


Compilation of the CXX compiler identification source "CMakeCXXCompilerId.cpp" produced "a.out"

The CXX compiler identification is GNU, found in "/home/deeprl/torch/build/CMakeFiles/2.8.12.2/CompilerIdCXX/a.out"

Determining if the C compiler works passed with the following output:
Change Dir: /home/deeprl/torch/build/CMakeFiles/CMakeTmp

Run Build Command:/usr/bin/make "cmTryCompileExec2969232677/fast"
/usr/bin/make -f CMakeFiles/cmTryCompileExec2969232677.dir/build.make CMakeFiles/cmTryCompileExec2969232677.dir/build
make[1]: Entering directory `/home/deeprl/torch/build/CMakeFiles/CMakeTmp'
/usr/bin/cmake -E cmake_progress_report /home/deeprl/torch/build/CMakeFiles/CMakeTmp/CMakeFiles 1
Building C object CMakeFiles/cmTryCompileExec2969232677.dir/testCCompiler.c.o
/usr/bin/cc    -o CMakeFiles/cmTryCompileExec2969232677.dir/testCCompiler.c.o   -c /home/deeprl/torch/build/CMakeFiles/CMakeTmp/testCCompiler.c
Linking C executable cmTryCompileExec2969232677
/usr/bin/cmake -E cmake_link_script CMakeFiles/cmTryCompileExec2969232677.dir/link.txt --verbose=1
/usr/bin/cc       CMakeFiles/cmTryCompileExec2969232677.dir/testCCompiler.c.o  -o cmTryCompileExec2969232677 -rdynamic 
make[1]: Leaving directory `/home/deeprl/torch/build/CMakeFiles/CMakeTmp'


Detecting C compiler ABI info compiled with the following output:
Change Dir: /home/deeprl/torch/build/CMakeFiles/CMakeTmp

Run Build Command:/usr/bin/make "cmTryCompileExec3681974735/fast"
/usr/bin/make -f CMakeFiles/cmTryCompileExec3681974735.dir/build.make CMakeFiles/cmTryCompileExec3681974735.dir/build
make[1]: Entering directory `/home/deeprl/torch/build/CMakeFiles/CMakeTmp'
/usr/bin/cmake -E cmake_progress_report /home/deeprl/torch/build/CMakeFiles/CMakeTmp/CMakeFiles 1
Building C object CMakeFiles/cmTryCompileExec3681974735.dir/CMakeCCompilerABI.c.o
/usr/bin/cc    -o CMakeFiles/cmTryCompileExec3681974735.dir/CMakeCCompilerABI.c.o   -c /usr/share/cmake-2.8/Modules/CMakeCCompilerABI.c
Linking C executable cmTryCompileExec3681974735
/usr/bin/cmake -E cmake_link_script CMakeFiles/cmTryCompileExec3681974735.dir/link.txt --verbose=1
/usr/bin/cc     -v CMakeFiles/cmTryCompileExec3681974735.dir/CMakeCCompilerABI.c.o  -o cmTryCompileExec3681974735 -rdynamic  
Using built-in specs.
COLLECT_GCC=/usr/bin/cc
COLLECT_LTO_WRAPPER=/usr/lib/gcc/x86_64-linux-gnu/4.8/lto-wrapper
Target: x86_64-linux-gnu
Configured with: ../src/configure -v --with-pkgversion='Ubuntu 4.8.4-2ubuntu1~14.04.3' --with-bugurl=file:///usr/share/doc/gcc-4.8/README.Bugs --enable-languages=c,c++,java,go,d,fortran,objc,obj-c++ --prefix=/usr --program-suffix=-4.8 --enable-shared --enable-linker-build-id --libexecdir=/usr/lib --without-included-gettext --enable-threads=posix --with-gxx-include-dir=/usr/include/c++/4.8 --libdir=/usr/lib --enable-nls --with-sysroot=/ --enable-clocale=gnu --enable-libstdcxx-debug --enable-libstdcxx-time=yes --enable-gnu-unique-object --disable-libmudflap --enable-plugin --with-system-zlib --disable-browser-plugin --enable-java-awt=gtk --enable-gtk-cairo --with-java-home=/usr/lib/jvm/java-1.5.0-gcj-4.8-amd64/jre --enable-java-home --with-jvm-root-dir=/usr/lib/jvm/java-1.5.0-gcj-4.8-amd64 --with-jvm-jar-dir=/usr/lib/jvm-exports/java-1.5.0-gcj-4.8-amd64 --with-arch-directory=amd64 --with-ecj-jar=/usr/share/java/eclipse-ecj.jar --enable-objc-gc --enable-multiarch --disable-werror --with-arch-32=i686 --with-abi=m64 --with-multilib-list=m32,m64,mx32 --with-tune=generic --enable-checking=release --build=x86_64-linux-gnu --host=x86_64-linux-gnu --target=x86_64-linux-gnu
Thread model: posix
gcc version 4.8.4 (Ubuntu 4.8.4-2ubuntu1~14.04.3) 
COMPILER_PATH=/usr/lib/gcc/x86_64-linux-gnu/4.8/:/usr/lib/gcc/x86_64-linux-gnu/4.8/:/usr/lib/gcc/x86_64-linux-gnu/:/usr/lib/gcc/x86_64-linux-gnu/4.8/:/usr/lib/gcc/x86_64-linux-gnu/
LIBRARY_PATH=/usr/lib/gcc/x86_64-linux-gnu/4.8/:/usr/lib/gcc/x86_64-linux-gnu/4.8/../../../x86_64-linux-gnu/:/usr/lib/gcc/x86_64-linux-gnu/4.8/../../../../lib/:/lib/x86_64-linux-gnu/:/lib/../lib/:/usr/lib/x86_64-linux-gnu/:/usr/lib/../lib/:/usr/lib/gcc/x86_64-linux-gnu/4.8/../../../:/lib/:/usr/lib/
COLLECT_GCC_OPTIONS='-v' '-o' 'cmTryCompileExec3681974735' '-rdynamic' '-mtune=generic' '-march=x86-64'
 /usr/lib/gcc/x86_64-linux-gnu/4.8/collect2 --sysroot=/ --build-id --eh-frame-hdr -m elf_x86_64 --hash-style=gnu --as-needed -export-dynamic -dynamic-linker /lib64/ld-linux-x86-64.so.2 -z relro -o cmTryCompileExec3681974735 /usr/lib/gcc/x86_64-linux-gnu/4.8/../../../x86_64-linux-gnu/crt1.o /usr/lib/gcc/x86_64-linux-gnu/4.8/../../../x86_64-linux-gnu/crti.o /usr/lib/gcc/x86_64-linux-gnu/4.8/crtbegin.o -L/usr/lib/gcc/x86_64-linux-gnu/4.8 -L/usr/lib/gcc/x86_64-linux-gnu/4.8/../../../x86_64-linux-gnu -L/usr/lib/gcc/x86_64-linux-gnu/4.8/../../../../lib -L/lib/x86_64-linux-gnu -L/lib/../lib -L/usr/lib/x86_64-linux-gnu -L/usr/lib/../lib -L/usr/lib/gcc/x86_64-linux-gnu/4.8/../../.. CMakeFiles/cmTryCompileExec3681974735.dir/CMakeCCompilerABI.c.o -lgcc --as-needed -lgcc_s --no-as-needed -lc -lgcc --as-needed -lgcc_s --no-as-needed /usr/lib/gcc/x86_64-linux-gnu/4.8/crtend.o /usr/lib/gcc/x86_64-linux-gnu/4.8/../../../x86_64-linux-gnu/crtn.o
make[1]: Leaving directory `/home/deeprl/torch/build/CMakeFiles/CMakeTmp'


Parsed C implicit link information from above output:
  link line regex: [^( *|.*[/\])(ld|([^/\]+-)?ld|collect2)[^/\]*( |$)]
  ignore line: [Change Dir: /home/deeprl/torch/build/CMakeFiles/CMakeTmp]
  ignore line: []
  ignore line: [Run Build Command:/usr/bin/make "cmTryCompileExec3681974735/fast"]
  ignore line: [/usr/bin/make -f CMakeFiles/cmTryCompileExec3681974735.dir/build.make CMakeFiles/cmTryCompileExec3681974735.dir/build]
  ignore line: [make[1]: Entering directory `/home/deeprl/torch/build/CMakeFiles/CMakeTmp']
  ignore line: [/usr/bin/cmake -E cmake_progress_report /home/deeprl/torch/build/CMakeFiles/CMakeTmp/CMakeFiles 1]
  ignore line: [Building C object CMakeFiles/cmTryCompileExec3681974735.dir/CMakeCCompilerABI.c.o]
  ignore line: [/usr/bin/cc    -o CMakeFiles/cmTryCompileExec3681974735.dir/CMakeCCompilerABI.c.o   -c /usr/share/cmake-2.8/Modules/CMakeCCompilerABI.c]
  ignore line: [Linking C executable cmTryCompileExec3681974735]
  ignore line: [/usr/bin/cmake -E cmake_link_script CMakeFiles/cmTryCompileExec3681974735.dir/link.txt --verbose=1]
  ignore line: [/usr/bin/cc     -v CMakeFiles/cmTryCompileExec3681974735.dir/CMakeCCompilerABI.c.o  -o cmTryCompileExec3681974735 -rdynamic  ]
  ignore line: [Using built-in specs.]
  ignore line: [COLLECT_GCC=/usr/bin/cc]
  ignore line: [COLLECT_LTO_WRAPPER=/usr/lib/gcc/x86_64-linux-gnu/4.8/lto-wrapper]
  ignore line: [Target: x86_64-linux-gnu]
  ignore line: [Configured with: ../src/configure -v --with-pkgversion='Ubuntu 4.8.4-2ubuntu1~14.04.3' --with-bugurl=file:///usr/share/doc/gcc-4.8/README.Bugs --enable-languages=c,c++,java,go,d,fortran,objc,obj-c++ --prefix=/usr --program-suffix=-4.8 --enable-shared --enable-linker-build-id --libexecdir=/usr/lib --without-included-gettext --enable-threads=posix --with-gxx-include-dir=/usr/include/c++/4.8 --libdir=/usr/lib --enable-nls --with-sysroot=/ --enable-clocale=gnu --enable-libstdcxx-debug --enable-libstdcxx-time=yes --enable-gnu-unique-object --disable-libmudflap --enable-plugin --with-system-zlib --disable-browser-plugin --enable-java-awt=gtk --enable-gtk-cairo --with-java-home=/usr/lib/jvm/java-1.5.0-gcj-4.8-amd64/jre --enable-java-home --with-jvm-root-dir=/usr/lib/jvm/java-1.5.0-gcj-4.8-amd64 --with-jvm-jar-dir=/usr/lib/jvm-exports/java-1.5.0-gcj-4.8-amd64 --with-arch-directory=amd64 --with-ecj-jar=/usr/share/java/eclipse-ecj.jar --enable-objc-gc --enable-multiarch --disable-werror --with-arch-32=i686 --with-abi=m64 --with-multilib-list=m32,m64,mx32 --with-tune=generic --enable-checking=release --build=x86_64-linux-gnu --host=x86_64-linux-gnu --target=x86_64-linux-gnu]
  ignore line: [Thread model: posix]
  ignore line: [gcc version 4.8.4 (Ubuntu 4.8.4-2ubuntu1~14.04.3) ]
  ignore line: [COMPILER_PATH=/usr/lib/gcc/x86_64-linux-gnu/4.8/:/usr/lib/gcc/x86_64-linux-gnu/4.8/:/usr/lib/gcc/x86_64-linux-gnu/:/usr/lib/gcc/x86_64-linux-gnu/4.8/:/usr/lib/gcc/x86_64-linux-gnu/]
  ignore line: [LIBRARY_PATH=/usr/lib/gcc/x86_64-linux-gnu/4.8/:/usr/lib/gcc/x86_64-linux-gnu/4.8/../../../x86_64-linux-gnu/:/usr/lib/gcc/x86_64-linux-gnu/4.8/../../../../lib/:/lib/x86_64-linux-gnu/:/lib/../lib/:/usr/lib/x86_64-linux-gnu/:/usr/lib/../lib/:/usr/lib/gcc/x86_64-linux-gnu/4.8/../../../:/lib/:/usr/lib/]
  ignore line: [COLLECT_GCC_OPTIONS='-v' '-o' 'cmTryCompileExec3681974735' '-rdynamic' '-mtune=generic' '-march=x86-64']
  link line: [ /usr/lib/gcc/x86_64-linux-gnu/4.8/collect2 --sysroot=/ --build-id --eh-frame-hdr -m elf_x86_64 --hash-style=gnu --as-needed -export-dynamic -dynamic-linker /lib64/ld-linux-x86-64.so.2 -z relro -o cmTryCompileExec3681974735 /usr/lib/gcc/x86_64-linux-gnu/4.8/../../../x86_64-linux-gnu/crt1.o /usr/lib/gcc/x86_64-linux-gnu/4.8/../../../x86_64-linux-gnu/crti.o /usr/lib/gcc/x86_64-linux-gnu/4.8/crtbegin.o -L/usr/lib/gcc/x86_64-linux-gnu/4.8 -L/usr/lib/gcc/x86_64-linux-gnu/4.8/../../../x86_64-linux-gnu -L/usr/lib/gcc/x86_64-linux-gnu/4.8/../../../../lib -L/lib/x86_64-linux-gnu -L/lib/../lib -L/usr/lib/x86_64-linux-gnu -L/usr/lib/../lib -L/usr/lib/gcc/x86_64-linux-gnu/4.8/../../.. CMakeFiles/cmTryCompileExec3681974735.dir/CMakeCCompilerABI.c.o -lgcc --as-needed -lgcc_s --no-as-needed -lc -lgcc --as-needed -lgcc_s --no-as-needed /usr/lib/gcc/x86_64-linux-gnu/4.8/crtend.o /usr/lib/gcc/x86_64-linux-gnu/4.8/../../../x86_64-linux-gnu/crtn.o]
    arg [/usr/lib/gcc/x86_64-linux-gnu/4.8/collect2] ==> ignore
    arg [--sysroot=/] ==> ignore
    arg [--build-id] ==> ignore
    arg [--eh-frame-hdr] ==> ignore
    arg [-m] ==> ignore
    arg [elf_x86_64] ==> ignore
    arg [--hash-style=gnu] ==> ignore
    arg [--as-needed] ==> ignore
    arg [-export-dynamic] ==> ignore
    arg [-dynamic-linker] ==> ignore
    arg [/lib64/ld-linux-x86-64.so.2] ==> ignore
    arg [-zrelro] ==> ignore
    arg [-o] ==> ignore
    arg [cmTryCompileExec3681974735] ==> ignore
    arg [/usr/lib/gcc/x86_64-linux-gnu/4.8/../../../x86_64-linux-gnu/crt1.o] ==> ignore
    arg [/usr/lib/gcc/x86_64-linux-gnu/4.8/../../../x86_64-linux-gnu/crti.o] ==> ignore
    arg [/usr/lib/gcc/x86_64-linux-gnu/4.8/crtbegin.o] ==> ignore
    arg [-L/usr/lib/gcc/x86_64-linux-gnu/4.8] ==> dir [/usr/lib/gcc/x86_64-linux-gnu/4.8]
    arg [-L/usr/lib/gcc/x86_64-linux-gnu/4.8/../../../x86_64-linux-gnu] ==> dir [/usr/lib/gcc/x86_64-linux-gnu/4.8/../../../x86_64-linux-gnu]
    arg [-L/usr/lib/gcc/x86_64-linux-gnu/4.8/../../../../lib] ==> dir [/usr/lib/gcc/x86_64-linux-gnu/4.8/../../../../lib]
    arg [-L/lib/x86_64-linux-gnu] ==> dir [/lib/x86_64-linux-gnu]
    arg [-L/lib/../lib] ==> dir [/lib/../lib]
    arg [-L/usr/lib/x86_64-linux-gnu] ==> dir [/usr/lib/x86_64-linux-gnu]
    arg [-L/usr/lib/../lib] ==> dir [/usr/lib/../lib]
    arg [-L/usr/lib/gcc/x86_64-linux-gnu/4.8/../../..] ==> dir [/usr/lib/gcc/x86_64-linux-gnu/4.8/../../..]
    arg [CMakeFiles/cmTryCompileExec3681974735.dir/CMakeCCompilerABI.c.o] ==> ignore
    arg [-lgcc] ==> lib [gcc]
    arg [--as-needed] ==> ignore
    arg [-lgcc_s] ==> lib [gcc_s]
    arg [--no-as-needed] ==> ignore
    arg [-lc] ==> lib [c]
    arg [-lgcc] ==> lib [gcc]
    arg [--as-needed] ==> ignore
    arg [-lgcc_s] ==> lib [gcc_s]
    arg [--no-as-needed] ==> ignore
    arg [/usr/lib/gcc/x86_64-linux-gnu/4.8/crtend.o] ==> ignore
    arg [/usr/lib/gcc/x86_64-linux-gnu/4.8/../../../x86_64-linux-gnu/crtn.o] ==> ignore
  remove lib [gcc]
  remove lib [gcc_s]
  remove lib [gcc]
  remove lib [gcc_s]
  collapse library dir [/usr/lib/gcc/x86_64-linux-gnu/4.8] ==> [/usr/lib/gcc/x86_64-linux-gnu/4.8]
  collapse library dir [/usr/lib/gcc/x86_64-linux-gnu/4.8/../../../x86_64-linux-gnu] ==> [/usr/lib/x86_64-linux-gnu]
  collapse library dir [/usr/lib/gcc/x86_64-linux-gnu/4.8/../../../../lib] ==> [/usr/lib]
  collapse library dir [/lib/x86_64-linux-gnu] ==> [/lib/x86_64-linux-gnu]
  collapse library dir [/lib/../lib] ==> [/lib]
  collapse library dir [/usr/lib/x86_64-linux-gnu] ==> [/usr/lib/x86_64-linux-gnu]
  collapse library dir [/usr/lib/../lib] ==> [/usr/lib]
  collapse library dir [/usr/lib/gcc/x86_64-linux-gnu/4.8/../../..] ==> [/usr/lib]
  implicit libs: [c]
  implicit dirs: [/usr/lib/gcc/x86_64-linux-gnu/4.8;/usr/lib/x86_64-linux-gnu;/usr/lib;/lib/x86_64-linux-gnu;/lib]
  implicit fwks: []


Determining if the CXX compiler works passed with the following output:
Change Dir: /home/deeprl/torch/build/CMakeFiles/CMakeTmp

Run Build Command:/usr/bin/make "cmTryCompileExec2817172675/fast"
/usr/bin/make -f CMakeFiles/cmTryCompileExec2817172675.dir/build.make CMakeFiles/cmTryCompileExec2817172675.dir/build
make[1]: Entering directory `/home/deeprl/torch/build/CMakeFiles/CMakeTmp'
/usr/bin/cmake -E cmake_progress_report /home/deeprl/torch/build/CMakeFiles/CMakeTmp/CMakeFiles 1
Building CXX object CMakeFiles/cmTryCompileExec2817172675.dir/testCXXCompiler.cxx.o
/usr/bin/c++     -o CMakeFiles/cmTryCompileExec2817172675.dir/testCXXCompiler.cxx.o -c /home/deeprl/torch/build/CMakeFiles/CMakeTmp/testCXXCompiler.cxx
Linking CXX executable cmTryCompileExec2817172675
/usr/bin/cmake -E cmake_link_script CMakeFiles/cmTryCompileExec2817172675.dir/link.txt --verbose=1
/usr/bin/c++        CMakeFiles/cmTryCompileExec2817172675.dir/testCXXCompiler.cxx.o  -o cmTryCompileExec2817172675 -rdynamic 
make[1]: Leaving directory `/home/deeprl/torch/build/CMakeFiles/CMakeTmp'


Detecting CXX compiler ABI info compiled with the following output:
Change Dir: /home/deeprl/torch/build/CMakeFiles/CMakeTmp

Run Build Command:/usr/bin/make "cmTryCompileExec3935428923/fast"
/usr/bin/make -f CMakeFiles/cmTryCompileExec3935428923.dir/build.make CMakeFiles/cmTryCompileExec3935428923.dir/build
make[1]: Entering directory `/home/deeprl/torch/build/CMakeFiles/CMakeTmp'
/usr/bin/cmake -E cmake_progress_report /home/deeprl/torch/build/CMakeFiles/CMakeTmp/CMakeFiles 1
Building CXX object CMakeFiles/cmTryCompileExec3935428923.dir/CMakeCXXCompilerABI.cpp.o
/usr/bin/c++     -o CMakeFiles/cmTryCompileExec3935428923.dir/CMakeCXXCompilerABI.cpp.o -c /usr/share/cmake-2.8/Modules/CMakeCXXCompilerABI.cpp
Linking CXX executable cmTryCompileExec3935428923
/usr/bin/cmake -E cmake_link_script CMakeFiles/cmTryCompileExec3935428923.dir/link.txt --verbose=1
/usr/bin/c++      -v CMakeFiles/cmTryCompileExec3935428923.dir/CMakeCXXCompilerABI.cpp.o  -o cmTryCompileExec3935428923 -rdynamic  
Using built-in specs.
COLLECT_GCC=/usr/bin/c++
COLLECT_LTO_WRAPPER=/usr/lib/gcc/x86_64-linux-gnu/4.8/lto-wrapper
Target: x86_64-linux-gnu
Configured with: ../src/configure -v --with-pkgversion='Ubuntu 4.8.4-2ubuntu1~14.04.3' --with-bugurl=file:///usr/share/doc/gcc-4.8/README.Bugs --enable-languages=c,c++,java,go,d,fortran,objc,obj-c++ --prefix=/usr --program-suffix=-4.8 --enable-shared --enable-linker-build-id --libexecdir=/usr/lib --without-included-gettext --enable-threads=posix --with-gxx-include-dir=/usr/include/c++/4.8 --libdir=/usr/lib --enable-nls --with-sysroot=/ --enable-clocale=gnu --enable-libstdcxx-debug --enable-libstdcxx-time=yes --enable-gnu-unique-object --disable-libmudflap --enable-plugin --with-system-zlib --disable-browser-plugin --enable-java-awt=gtk --enable-gtk-cairo --with-java-home=/usr/lib/jvm/java-1.5.0-gcj-4.8-amd64/jre --enable-java-home --with-jvm-root-dir=/usr/lib/jvm/java-1.5.0-gcj-4.8-amd64 --with-jvm-jar-dir=/usr/lib/jvm-exports/java-1.5.0-gcj-4.8-amd64 --with-arch-directory=amd64 --with-ecj-jar=/usr/share/java/eclipse-ecj.jar --enable-objc-gc --enable-multiarch --disable-werror --with-arch-32=i686 --with-abi=m64 --with-multilib-list=m32,m64,mx32 --with-tune=generic --enable-checking=release --build=x86_64-linux-gnu --host=x86_64-linux-gnu --target=x86_64-linux-gnu
Thread model: posix
gcc version 4.8.4 (Ubuntu 4.8.4-2ubuntu1~14.04.3) 
COMPILER_PATH=/usr/lib/gcc/x86_64-linux-gnu/4.8/:/usr/lib/gcc/x86_64-linux-gnu/4.8/:/usr/lib/gcc/x86_64-linux-gnu/:/usr/lib/gcc/x86_64-linux-gnu/4.8/:/usr/lib/gcc/x86_64-linux-gnu/
LIBRARY_PATH=/usr/lib/gcc/x86_64-linux-gnu/4.8/:/usr/lib/gcc/x86_64-linux-gnu/4.8/../../../x86_64-linux-gnu/:/usr/lib/gcc/x86_64-linux-gnu/4.8/../../../../lib/:/lib/x86_64-linux-gnu/:/lib/../lib/:/usr/lib/x86_64-linux-gnu/:/usr/lib/../lib/:/usr/lib/gcc/x86_64-linux-gnu/4.8/../../../:/lib/:/usr/lib/
COLLECT_GCC_OPTIONS='-v' '-o' 'cmTryCompileExec3935428923' '-rdynamic' '-shared-libgcc' '-mtune=generic' '-march=x86-64'
 /usr/lib/gcc/x86_64-linux-gnu/4.8/collect2 --sysroot=/ --build-id --eh-frame-hdr -m elf_x86_64 --hash-style=gnu --as-needed -export-dynamic -dynamic-linker /lib64/ld-linux-x86-64.so.2 -z relro -o cmTryCompileExec3935428923 /usr/lib/gcc/x86_64-linux-gnu/4.8/../../../x86_64-linux-gnu/crt1.o /usr/lib/gcc/x86_64-linux-gnu/4.8/../../../x86_64-linux-gnu/crti.o /usr/lib/gcc/x86_64-linux-gnu/4.8/crtbegin.o -L/usr/lib/gcc/x86_64-linux-gnu/4.8 -L/usr/lib/gcc/x86_64-linux-gnu/4.8/../../../x86_64-linux-gnu -L/usr/lib/gcc/x86_64-linux-gnu/4.8/../../../../lib -L/lib/x86_64-linux-gnu -L/lib/../lib -L/usr/lib/x86_64-linux-gnu -L/usr/lib/../lib -L/usr/lib/gcc/x86_64-linux-gnu/4.8/../../.. CMakeFiles/cmTryCompileExec3935428923.dir/CMakeCXXCompilerABI.cpp.o -lstdc++ -lm -lgcc_s -lgcc -lc -lgcc_s -lgcc /usr/lib/gcc/x86_64-linux-gnu/4.8/crtend.o /usr/lib/gcc/x86_64-linux-gnu/4.8/../../../x86_64-linux-gnu/crtn.o
make[1]: Leaving directory `/home/deeprl/torch/build/CMakeFiles/CMakeTmp'


Parsed CXX implicit link information from above output:
  link line regex: [^( *|.*[/\])(ld|([^/\]+-)?ld|collect2)[^/\]*( |$)]
  ignore line: [Change Dir: /home/deeprl/torch/build/CMakeFiles/CMakeTmp]
  ignore line: []
  ignore line: [Run Build Command:/usr/bin/make "cmTryCompileExec3935428923/fast"]
  ignore line: [/usr/bin/make -f CMakeFiles/cmTryCompileExec3935428923.dir/build.make CMakeFiles/cmTryCompileExec3935428923.dir/build]
  ignore line: [make[1]: Entering directory `/home/deeprl/torch/build/CMakeFiles/CMakeTmp']
  ignore line: [/usr/bin/cmake -E cmake_progress_report /home/deeprl/torch/build/CMakeFiles/CMakeTmp/CMakeFiles 1]
  ignore line: [Building CXX object CMakeFiles/cmTryCompileExec3935428923.dir/CMakeCXXCompilerABI.cpp.o]
  ignore line: [/usr/bin/c++     -o CMakeFiles/cmTryCompileExec3935428923.dir/CMakeCXXCompilerABI.cpp.o -c /usr/share/cmake-2.8/Modules/CMakeCXXCompilerABI.cpp]
  ignore line: [Linking CXX executable cmTryCompileExec3935428923]
  ignore line: [/usr/bin/cmake -E cmake_link_script CMakeFiles/cmTryCompileExec3935428923.dir/link.txt --verbose=1]
  ignore line: [/usr/bin/c++      -v CMakeFiles/cmTryCompileExec3935428923.dir/CMakeCXXCompilerABI.cpp.o  -o cmTryCompileExec3935428923 -rdynamic  ]
  ignore line: [Using built-in specs.]
  ignore line: [COLLECT_GCC=/usr/bin/c++]
  ignore line: [COLLECT_LTO_WRAPPER=/usr/lib/gcc/x86_64-linux-gnu/4.8/lto-wrapper]
  ignore line: [Target: x86_64-linux-gnu]
  ignore line: [Configured with: ../src/configure -v --with-pkgversion='Ubuntu 4.8.4-2ubuntu1~14.04.3' --with-bugurl=file:///usr/share/doc/gcc-4.8/README.Bugs --enable-languages=c,c++,java,go,d,fortran,objc,obj-c++ --prefix=/usr --program-suffix=-4.8 --enable-shared --enable-linker-build-id --libexecdir=/usr/lib --without-included-gettext --enable-threads=posix --with-gxx-include-dir=/usr/include/c++/4.8 --libdir=/usr/lib --enable-nls --with-sysroot=/ --enable-clocale=gnu --enable-libstdcxx-debug --enable-libstdcxx-time=yes --enable-gnu-unique-object --disable-libmudflap --enable-plugin --with-system-zlib --disable-browser-plugin --enable-java-awt=gtk --enable-gtk-cairo --with-java-home=/usr/lib/jvm/java-1.5.0-gcj-4.8-amd64/jre --enable-java-home --with-jvm-root-dir=/usr/lib/jvm/java-1.5.0-gcj-4.8-amd64 --with-jvm-jar-dir=/usr/lib/jvm-exports/java-1.5.0-gcj-4.8-amd64 --with-arch-directory=amd64 --with-ecj-jar=/usr/share/java/eclipse-ecj.jar --enable-objc-gc --enable-multiarch --disable-werror --with-arch-32=i686 --with-abi=m64 --with-multilib-list=m32,m64,mx32 --with-tune=generic --enable-checking=release --build=x86_64-linux-gnu --host=x86_64-linux-gnu --target=x86_64-linux-gnu]
  ignore line: [Thread model: posix]
  ignore line: [gcc version 4.8.4 (Ubuntu 4.8.4-2ubuntu1~14.04.3) ]
  ignore line: [COMPILER_PATH=/usr/lib/gcc/x86_64-linux-gnu/4.8/:/usr/lib/gcc/x86_64-linux-gnu/4.8/:/usr/lib/gcc/x86_64-linux-gnu/:/usr/lib/gcc/x86_64-linux-gnu/4.8/:/usr/lib/gcc/x86_64-linux-gnu/]
  ignore line: [LIBRARY_PATH=/usr/lib/gcc/x86_64-linux-gnu/4.8/:/usr/lib/gcc/x86_64-linux-gnu/4.8/../../../x86_64-linux-gnu/:/usr/lib/gcc/x86_64-linux-gnu/4.8/../../../../lib/:/lib/x86_64-linux-gnu/:/lib/../lib/:/usr/lib/x86_64-linux-gnu/:/usr/lib/../lib/:/usr/lib/gcc/x86_64-linux-gnu/4.8/../../../:/lib/:/usr/lib/]
  ignore line: [COLLECT_GCC_OPTIONS='-v' '-o' 'cmTryCompileExec3935428923' '-rdynamic' '-shared-libgcc' '-mtune=generic' '-march=x86-64']
  link line: [ /usr/lib/gcc/x86_64-linux-gnu/4.8/collect2 --sysroot=/ --build-id --eh-frame-hdr -m elf_x86_64 --hash-style=gnu --as-needed -export-dynamic -dynamic-linker /lib64/ld-linux-x86-64.so.2 -z relro -o cmTryCompileExec3935428923 /usr/lib/gcc/x86_64-linux-gnu/4.8/../../../x86_64-linux-gnu/crt1.o /usr/lib/gcc/x86_64-linux-gnu/4.8/../../../x86_64-linux-gnu/crti.o /usr/lib/gcc/x86_64-linux-gnu/4.8/crtbegin.o -L/usr/lib/gcc/x86_64-linux-gnu/4.8 -L/usr/lib/gcc/x86_64-linux-gnu/4.8/../../../x86_64-linux-gnu -L/usr/lib/gcc/x86_64-linux-gnu/4.8/../../../../lib -L/lib/x86_64-linux-gnu -L/lib/../lib -L/usr/lib/x86_64-linux-gnu -L/usr/lib/../lib -L/usr/lib/gcc/x86_64-linux-gnu/4.8/../../.. CMakeFiles/cmTryCompileExec3935428923.dir/CMakeCXXCompilerABI.cpp.o -lstdc++ -lm -lgcc_s -lgcc -lc -lgcc_s -lgcc /usr/lib/gcc/x86_64-linux-gnu/4.8/crtend.o /usr/lib/gcc/x86_64-linux-gnu/4.8/../../../x86_64-linux-gnu/crtn.o]
    arg [/usr/lib/gcc/x86_64-linux-gnu/4.8/collect2] ==> ignore
    arg [--sysroot=/] ==> ignore
    arg [--build-id] ==> ignore
    arg [--eh-frame-hdr] ==> ignore
    arg [-m] ==> ignore
    arg [elf_x86_64] ==> ignore
    arg [--hash-style=gnu] ==> ignore
    arg [--as-needed] ==> ignore
    arg [-export-dynamic] ==> ignore
    arg [-dynamic-linker] ==> ignore
    arg [/lib64/ld-linux-x86-64.so.2] ==> ignore
    arg [-zrelro] ==> ignore
    arg [-o] ==> ignore
    arg [cmTryCompileExec3935428923] ==> ignore
    arg [/usr/lib/gcc/x86_64-linux-gnu/4.8/../../../x86_64-linux-gnu/crt1.o] ==> ignore
    arg [/usr/lib/gcc/x86_64-linux-gnu/4.8/../../../x86_64-linux-gnu/crti.o] ==> ignore
    arg [/usr/lib/gcc/x86_64-linux-gnu/4.8/crtbegin.o] ==> ignore
    arg [-L/usr/lib/gcc/x86_64-linux-gnu/4.8] ==> dir [/usr/lib/gcc/x86_64-linux-gnu/4.8]
    arg [-L/usr/lib/gcc/x86_64-linux-gnu/4.8/../../../x86_64-linux-gnu] ==> dir [/usr/lib/gcc/x86_64-linux-gnu/4.8/../../../x86_64-linux-gnu]
    arg [-L/usr/lib/gcc/x86_64-linux-gnu/4.8/../../../../lib] ==> dir [/usr/lib/gcc/x86_64-linux-gnu/4.8/../../../../lib]
    arg [-L/lib/x86_64-linux-gnu] ==> dir [/lib/x86_64-linux-gnu]
    arg [-L/lib/../lib] ==> dir [/lib/../lib]
    arg [-L/usr/lib/x86_64-linux-gnu] ==> dir [/usr/lib/x86_64-linux-gnu]
    arg [-L/usr/lib/../lib] ==> dir [/usr/lib/../lib]
    arg [-L/usr/lib/gcc/x86_64-linux-gnu/4.8/../../..] ==> dir [/usr/lib/gcc/x86_64-linux-gnu/4.8/../../..]
    arg [CMakeFiles/cmTryCompileExec3935428923.dir/CMakeCXXCompilerABI.cpp.o] ==> ignore
    arg [-lstdc++] ==> lib [stdc++]
    arg [-lm] ==> lib [m]
    arg [-lgcc_s] ==> lib [gcc_s]
    arg [-lgcc] ==> lib [gcc]
    arg [-lc] ==> lib [c]
    arg [-lgcc_s] ==> lib [gcc_s]
    arg [-lgcc] ==> lib [gcc]
    arg [/usr/lib/gcc/x86_64-linux-gnu/4.8/crtend.o] ==> ignore
    arg [/usr/lib/gcc/x86_64-linux-gnu/4.8/../../../x86_64-linux-gnu/crtn.o] ==> ignore
  remove lib [gcc_s]
  remove lib [gcc]
  remove lib [gcc_s]
  remove lib [gcc]
  collapse library dir [/usr/lib/gcc/x86_64-linux-gnu/4.8] ==> [/usr/lib/gcc/x86_64-linux-gnu/4.8]
  collapse library dir [/usr/lib/gcc/x86_64-linux-gnu/4.8/../../../x86_64-linux-gnu] ==> [/usr/lib/x86_64-linux-gnu]
  collapse library dir [/usr/lib/gcc/x86_64-linux-gnu/4.8/../../../../lib] ==> [/usr/lib]
  collapse library dir [/lib/x86_64-linux-gnu] ==> [/lib/x86_64-linux-gnu]
  collapse library dir [/lib/../lib] ==> [/lib]
  collapse library dir [/usr/lib/x86_64-linux-gnu] ==> [/usr/lib/x86_64-linux-gnu]
  collapse library dir [/usr/lib/../lib] ==> [/usr/lib]
  collapse library dir [/usr/lib/gcc/x86_64-linux-gnu/4.8/../../..] ==> [/usr/lib]
  implicit libs: [stdc++;m;c]
  implicit dirs: [/usr/lib/gcc/x86_64-linux-gnu/4.8;/usr/lib/x86_64-linux-gnu;/usr/lib;/lib/x86_64-linux-gnu;/lib]
  implicit fwks: []


Determining if the include file sys/types.h exists passed with the following output:
Change Dir: /home/deeprl/torch/build/CMakeFiles/CMakeTmp

Run Build Command:/usr/bin/make "cmTryCompileExec1630853198/fast"
/usr/bin/make -f CMakeFiles/cmTryCompileExec1630853198.dir/build.make CMakeFiles/cmTryCompileExec1630853198.dir/build
make[1]: Entering directory `/home/deeprl/torch/build/CMakeFiles/CMakeTmp'
/usr/bin/cmake -E cmake_progress_report /home/deeprl/torch/build/CMakeFiles/CMakeTmp/CMakeFiles 1
Building C object CMakeFiles/cmTryCompileExec1630853198.dir/CheckIncludeFile.c.o
/usr/bin/cc    -o CMakeFiles/cmTryCompileExec1630853198.dir/CheckIncludeFile.c.o   -c /home/deeprl/torch/build/CMakeFiles/CMakeTmp/CheckIncludeFile.c
Linking C executable cmTryCompileExec1630853198
/usr/bin/cmake -E cmake_link_script CMakeFiles/cmTryCompileExec1630853198.dir/link.txt --verbose=1
/usr/bin/cc       CMakeFiles/cmTryCompileExec1630853198.dir/CheckIncludeFile.c.o  -o cmTryCompileExec1630853198 -rdynamic 
make[1]: Leaving directory `/home/deeprl/torch/build/CMakeFiles/CMakeTmp'


Determining if the include file stdint.h exists passed with the following output:
Change Dir: /home/deeprl/torch/build/CMakeFiles/CMakeTmp

Run Build Command:/usr/bin/make "cmTryCompileExec3028816891/fast"
/usr/bin/make -f CMakeFiles/cmTryCompileExec3028816891.dir/build.make CMakeFiles/cmTryCompileExec3028816891.dir/build
make[1]: Entering directory `/home/deeprl/torch/build/CMakeFiles/CMakeTmp'
/usr/bin/cmake -E cmake_progress_report /home/deeprl/torch/build/CMakeFiles/CMakeTmp/CMakeFiles 1
Building C object CMakeFiles/cmTryCompileExec3028816891.dir/CheckIncludeFile.c.o
/usr/bin/cc    -o CMakeFiles/cmTryCompileExec3028816891.dir/CheckIncludeFile.c.o   -c /home/deeprl/torch/build/CMakeFiles/CMakeTmp/CheckIncludeFile.c
Linking C executable cmTryCompileExec3028816891
/usr/bin/cmake -E cmake_link_script CMakeFiles/cmTryCompileExec3028816891.dir/link.txt --verbose=1
/usr/bin/cc       CMakeFiles/cmTryCompileExec3028816891.dir/CheckIncludeFile.c.o  -o cmTryCompileExec3028816891 -rdynamic 
make[1]: Leaving directory `/home/deeprl/torch/build/CMakeFiles/CMakeTmp'


Determining if the include file stddef.h exists passed with the following output:
Change Dir: /home/deeprl/torch/build/CMakeFiles/CMakeTmp

Run Build Command:/usr/bin/make "cmTryCompileExec497783429/fast"
/usr/bin/make -f CMakeFiles/cmTryCompileExec497783429.dir/build.make CMakeFiles/cmTryCompileExec497783429.dir/build
make[1]: Entering directory `/home/deeprl/torch/build/CMakeFiles/CMakeTmp'
/usr/bin/cmake -E cmake_progress_report /home/deeprl/torch/build/CMakeFiles/CMakeTmp/CMakeFiles 1
Building C object CMakeFiles/cmTryCompileExec497783429.dir/CheckIncludeFile.c.o
/usr/bin/cc    -o CMakeFiles/cmTryCompileExec497783429.dir/CheckIncludeFile.c.o   -c /home/deeprl/torch/build/CMakeFiles/CMakeTmp/CheckIncludeFile.c
Linking C executable cmTryCompileExec497783429
/usr/bin/cmake -E cmake_link_script CMakeFiles/cmTryCompileExec497783429.dir/link.txt --verbose=1
/usr/bin/cc       CMakeFiles/cmTryCompileExec497783429.dir/CheckIncludeFile.c.o  -o cmTryCompileExec497783429 -rdynamic 
make[1]: Leaving directory `/home/deeprl/torch/build/CMakeFiles/CMakeTmp'


Determining size of void* passed with the following output:
Change Dir: /home/deeprl/torch/build/CMakeFiles/CMakeTmp

Run Build Command:/usr/bin/make "cmTryCompileExec1530748107/fast"
/usr/bin/make -f CMakeFiles/cmTryCompileExec1530748107.dir/build.make CMakeFiles/cmTryCompileExec1530748107.dir/build
make[1]: Entering directory `/home/deeprl/torch/build/CMakeFiles/CMakeTmp'
/usr/bin/cmake -E cmake_progress_report /home/deeprl/torch/build/CMakeFiles/CMakeTmp/CMakeFiles 1
Building C object CMakeFiles/cmTryCompileExec1530748107.dir/SIZEOF_VOID_P.c.o
/usr/bin/cc    -o CMakeFiles/cmTryCompileExec1530748107.dir/SIZEOF_VOID_P.c.o   -c /home/deeprl/torch/build/CMakeFiles/CheckTypeSize/SIZEOF_VOID_P.c
Linking C executable cmTryCompileExec1530748107
/usr/bin/cmake -E cmake_link_script CMakeFiles/cmTryCompileExec1530748107.dir/link.txt --verbose=1
/usr/bin/cc       CMakeFiles/cmTryCompileExec1530748107.dir/SIZEOF_VOID_P.c.o  -o cmTryCompileExec1530748107 -rdynamic 
make[1]: Leaving directory `/home/deeprl/torch/build/CMakeFiles/CMakeTmp'


Determining if the function dlopen exists passed with the following output:
Change Dir: /home/deeprl/torch/build/CMakeFiles/CMakeTmp

Run Build Command:/usr/bin/make "cmTryCompileExec3011601163/fast"
/usr/bin/make -f CMakeFiles/cmTryCompileExec3011601163.dir/build.make CMakeFiles/cmTryCompileExec3011601163.dir/build
make[1]: Entering directory `/home/deeprl/torch/build/CMakeFiles/CMakeTmp'
/usr/bin/cmake -E cmake_progress_report /home/deeprl/torch/build/CMakeFiles/CMakeTmp/CMakeFiles 1
Building C object CMakeFiles/cmTryCompileExec3011601163.dir/CheckFunctionExists.c.o
/usr/bin/cc   -DCHECK_FUNCTION_EXISTS=dlopen   -o CMakeFiles/cmTryCompileExec3011601163.dir/CheckFunctionExists.c.o   -c /usr/share/cmake-2.8/Modules/CheckFunctionExists.c
Linking C executable cmTryCompileExec3011601163
/usr/bin/cmake -E cmake_link_script CMakeFiles/cmTryCompileExec3011601163.dir/link.txt --verbose=1
/usr/bin/cc   -DCHECK_FUNCTION_EXISTS=dlopen    CMakeFiles/cmTryCompileExec3011601163.dir/CheckFunctionExists.c.o  -o cmTryCompileExec3011601163 -rdynamic -ldl 
make[1]: Leaving directory `/home/deeprl/torch/build/CMakeFiles/CMakeTmp'


Determining if the function sin exists in the m passed with the following output:
Change Dir: /home/deeprl/torch/build/CMakeFiles/CMakeTmp

Run Build Command:/usr/bin/make "cmTryCompileExec528712571/fast"
/usr/bin/make -f CMakeFiles/cmTryCompileExec528712571.dir/build.make CMakeFiles/cmTryCompileExec528712571.dir/build
make[1]: Entering directory `/home/deeprl/torch/build/CMakeFiles/CMakeTmp'
/usr/bin/cmake -E cmake_progress_report /home/deeprl/torch/build/CMakeFiles/CMakeTmp/CMakeFiles 1
Building C object CMakeFiles/cmTryCompileExec528712571.dir/CheckFunctionExists.c.o
/usr/bin/cc   -DCHECK_FUNCTION_EXISTS=sin   -o CMakeFiles/cmTryCompileExec528712571.dir/CheckFunctionExists.c.o   -c /usr/share/cmake-2.8/Modules/CheckFunctionExists.c
<command-line>:0:23: warning: conflicting types for built-in function ‘sin’ [enabled by default]
/usr/share/cmake-2.8/Modules/CheckFunctionExists.c:3:6: note: in expansion of macro ‘CHECK_FUNCTION_EXISTS’
 char CHECK_FUNCTION_EXISTS();
      ^
Linking C executable cmTryCompileExec528712571
/usr/bin/cmake -E cmake_link_script CMakeFiles/cmTryCompileExec528712571.dir/link.txt --verbose=1
/usr/bin/cc   -DCHECK_FUNCTION_EXISTS=sin    CMakeFiles/cmTryCompileExec528712571.dir/CheckFunctionExists.c.o  -o cmTryCompileExec528712571 -rdynamic -lm -ldl 
make[1]: Leaving directory `/home/deeprl/torch/build/CMakeFiles/CMakeTmp'


Determining if files pthread.h exist passed with the following output:
Change Dir: /home/deeprl/torch/build/CMakeFiles/CMakeTmp

Run Build Command:/usr/bin/make "cmTryCompileExec3173605474/fast"
/usr/bin/make -f CMakeFiles/cmTryCompileExec3173605474.dir/build.make CMakeFiles/cmTryCompileExec3173605474.dir/build
make[1]: Entering directory `/home/deeprl/torch/build/CMakeFiles/CMakeTmp'
/usr/bin/cmake -E cmake_progress_report /home/deeprl/torch/build/CMakeFiles/CMakeTmp/CMakeFiles 1
Building C object CMakeFiles/cmTryCompileExec3173605474.dir/CheckIncludeFiles.c.o
/usr/bin/cc    -o CMakeFiles/cmTryCompileExec3173605474.dir/CheckIncludeFiles.c.o   -c /home/deeprl/torch/build/CMakeFiles/CMakeTmp/CheckIncludeFiles.c
Linking C executable cmTryCompileExec3173605474
/usr/bin/cmake -E cmake_link_script CMakeFiles/cmTryCompileExec3173605474.dir/link.txt --verbose=1
/usr/bin/cc       CMakeFiles/cmTryCompileExec3173605474.dir/CheckIncludeFiles.c.o  -o cmTryCompileExec3173605474 -rdynamic 
make[1]: Leaving directory `/home/deeprl/torch/build/CMakeFiles/CMakeTmp'


Determining if the function pthread_create exists in the pthread passed with the following output:
Change Dir: /home/deeprl/torch/build/CMakeFiles/CMakeTmp

Run Build Command:/usr/bin/make "cmTryCompileExec2756649865/fast"
/usr/bin/make -f CMakeFiles/cmTryCompileExec2756649865.dir/build.make CMakeFiles/cmTryCompileExec2756649865.dir/build
make[1]: Entering directory `/home/deeprl/torch/build/CMakeFiles/CMakeTmp'
/usr/bin/cmake -E cmake_progress_report /home/deeprl/torch/build/CMakeFiles/CMakeTmp/CMakeFiles 1
Building C object CMakeFiles/cmTryCompileExec2756649865.dir/CheckFunctionExists.c.o
/usr/bin/cc   -DCHECK_FUNCTION_EXISTS=pthread_create   -o CMakeFiles/cmTryCompileExec2756649865.dir/CheckFunctionExists.c.o   -c /usr/share/cmake-2.8/Modules/CheckFunctionExists.c
Linking C executable cmTryCompileExec2756649865
/usr/bin/cmake -E cmake_link_script CMakeFiles/cmTryCompileExec2756649865.dir/link.txt --verbose=1
/usr/bin/cc   -DCHECK_FUNCTION_EXISTS=pthread_create    CMakeFiles/cmTryCompileExec2756649865.dir/CheckFunctionExists.c.o  -o cmTryCompileExec2756649865 -rdynamic -lpthread -ldl 
make[1]: Leaving directory `/home/deeprl/torch/build/CMakeFiles/CMakeTmp'


Performing C SOURCE FILE Test LJ_TARGET_X64 succeded with the following output:
Change Dir: /home/deeprl/torch/build/CMakeFiles/CMakeTmp

Run Build Command:/usr/bin/make "cmTryCompileExec1833222228/fast"
/usr/bin/make -f CMakeFiles/cmTryCompileExec1833222228.dir/build.make CMakeFiles/cmTryCompileExec1833222228.dir/build
make[1]: Entering directory `/home/deeprl/torch/build/CMakeFiles/CMakeTmp'
/usr/bin/cmake -E cmake_progress_report /home/deeprl/torch/build/CMakeFiles/CMakeTmp/CMakeFiles 1
Building C object CMakeFiles/cmTryCompileExec1833222228.dir/src.c.o
/usr/bin/cc   -DLJ_TARGET_X64 -I/home/deeprl/torch/build/exe/luajit-rocks/luajit-2.1 -I/home/deeprl/torch/exe/luajit-rocks/luajit-2.1/src    -o CMakeFiles/cmTryCompileExec1833222228.dir/src.c.o   -c /home/deeprl/torch/build/CMakeFiles/CMakeTmp/src.c
Linking C executable cmTryCompileExec1833222228
/usr/bin/cmake -E cmake_link_script CMakeFiles/cmTryCompileExec1833222228.dir/link.txt --verbose=1
/usr/bin/cc   -DLJ_TARGET_X64    CMakeFiles/cmTryCompileExec1833222228.dir/src.c.o  -o cmTryCompileExec1833222228 -rdynamic -ldl 
make[1]: Leaving directory `/home/deeprl/torch/build/CMakeFiles/CMakeTmp'

Source file was:

#undef LJ_TARGET_X64
#include "lj_arch.h"
#if LJ_TARGET_X64
int main() { return 0; }
#else
#error "not defined"
#endif

Performing C SOURCE FILE Test LJ_ARCH_BITS_64 succeded with the following output:
Change Dir: /home/deeprl/torch/build/CMakeFiles/CMakeTmp

Run Build Command:/usr/bin/make "cmTryCompileExec3843616613/fast"
/usr/bin/make -f CMakeFiles/cmTryCompileExec3843616613.dir/build.make CMakeFiles/cmTryCompileExec3843616613.dir/build
make[1]: Entering directory `/home/deeprl/torch/build/CMakeFiles/CMakeTmp'
/usr/bin/cmake -E cmake_progress_report /home/deeprl/torch/build/CMakeFiles/CMakeTmp/CMakeFiles 1
Building C object CMakeFiles/cmTryCompileExec3843616613.dir/src.c.o
/usr/bin/cc   -DLJ_ARCH_BITS_64 -I/home/deeprl/torch/build/exe/luajit-rocks/luajit-2.1 -I/home/deeprl/torch/exe/luajit-rocks/luajit-2.1/src    -o CMakeFiles/cmTryCompileExec3843616613.dir/src.c.o   -c /home/deeprl/torch/build/CMakeFiles/CMakeTmp/src.c
Linking C executable cmTryCompileExec3843616613
/usr/bin/cmake -E cmake_link_script CMakeFiles/cmTryCompileExec3843616613.dir/link.txt --verbose=1
/usr/bin/cc   -DLJ_ARCH_BITS_64    CMakeFiles/cmTryCompileExec3843616613.dir/src.c.o  -o cmTryCompileExec3843616613 -rdynamic -ldl 
make[1]: Leaving directory `/home/deeprl/torch/build/CMakeFiles/CMakeTmp'

Source file was:

#undef LJ_ARCH_BITS
#include "lj_arch.h"
#if LJ_ARCH_BITS == 64
int main() { return 0; }
#else
#error "not defined"
#endif

Performing C SOURCE FILE Test LJ_HASJIT_1 succeded with the following output:
Change Dir: /home/deeprl/torch/build/CMakeFiles/CMakeTmp

Run Build Command:/usr/bin/make "cmTryCompileExec1537816631/fast"
/usr/bin/make -f CMakeFiles/cmTryCompileExec1537816631.dir/build.make CMakeFiles/cmTryCompileExec1537816631.dir/build
make[1]: Entering directory `/home/deeprl/torch/build/CMakeFiles/CMakeTmp'
/usr/bin/cmake -E cmake_progress_report /home/deeprl/torch/build/CMakeFiles/CMakeTmp/CMakeFiles 1
Building C object CMakeFiles/cmTryCompileExec1537816631.dir/src.c.o
/usr/bin/cc   -DLJ_HASJIT_1 -I/home/deeprl/torch/build/exe/luajit-rocks/luajit-2.1 -I/home/deeprl/torch/exe/luajit-rocks/luajit-2.1/src    -o CMakeFiles/cmTryCompileExec1537816631.dir/src.c.o   -c /home/deeprl/torch/build/CMakeFiles/CMakeTmp/src.c
Linking C executable cmTryCompileExec1537816631
/usr/bin/cmake -E cmake_link_script CMakeFiles/cmTryCompileExec1537816631.dir/link.txt --verbose=1
/usr/bin/cc   -DLJ_HASJIT_1    CMakeFiles/cmTryCompileExec1537816631.dir/src.c.o  -o cmTryCompileExec1537816631 -rdynamic -ldl 
make[1]: Leaving directory `/home/deeprl/torch/build/CMakeFiles/CMakeTmp'

Source file was:

#undef LJ_HASJIT
#include "lj_arch.h"
#if LJ_HASJIT == 1
int main() { return 0; }
#else
#error "not defined"
#endif

Performing C SOURCE FILE Test LJ_HASFFI_1 succeded with the following output:
Change Dir: /home/deeprl/torch/build/CMakeFiles/CMakeTmp

Run Build Command:/usr/bin/make "cmTryCompileExec1599875072/fast"
/usr/bin/make -f CMakeFiles/cmTryCompileExec1599875072.dir/build.make CMakeFiles/cmTryCompileExec1599875072.dir/build
make[1]: Entering directory `/home/deeprl/torch/build/CMakeFiles/CMakeTmp'
/usr/bin/cmake -E cmake_progress_report /home/deeprl/torch/build/CMakeFiles/CMakeTmp/CMakeFiles 1
Building C object CMakeFiles/cmTryCompileExec1599875072.dir/src.c.o
/usr/bin/cc   -DLJ_HASFFI_1 -I/home/deeprl/torch/build/exe/luajit-rocks/luajit-2.1 -I/home/deeprl/torch/exe/luajit-rocks/luajit-2.1/src    -o CMakeFiles/cmTryCompileExec1599875072.dir/src.c.o   -c /home/deeprl/torch/build/CMakeFiles/CMakeTmp/src.c
Linking C executable cmTryCompileExec1599875072
/usr/bin/cmake -E cmake_link_script CMakeFiles/cmTryCompileExec1599875072.dir/link.txt --verbose=1
/usr/bin/cc   -DLJ_HASFFI_1    CMakeFiles/cmTryCompileExec1599875072.dir/src.c.o  -o cmTryCompileExec1599875072 -rdynamic -ldl 
make[1]: Leaving directory `/home/deeprl/torch/build/CMakeFiles/CMakeTmp'

Source file was:

#undef LJ_HASFFI
#include "lj_arch.h"
#if LJ_HASFFI == 1
int main() { return 0; }
#else
#error "not defined"
#endif

Performing C SOURCE FILE Test LJ_ARCH_HASFPU_1 succeded with the following output:
Change Dir: /home/deeprl/torch/build/CMakeFiles/CMakeTmp

Run Build Command:/usr/bin/make "cmTryCompileExec4260364505/fast"
/usr/bin/make -f CMakeFiles/cmTryCompileExec4260364505.dir/build.make CMakeFiles/cmTryCompileExec4260364505.dir/build
make[1]: Entering directory `/home/deeprl/torch/build/CMakeFiles/CMakeTmp'
/usr/bin/cmake -E cmake_progress_report /home/deeprl/torch/build/CMakeFiles/CMakeTmp/CMakeFiles 1
Building C object CMakeFiles/cmTryCompileExec4260364505.dir/src.c.o
/usr/bin/cc   -DLJ_ARCH_HASFPU_1 -I/home/deeprl/torch/build/exe/luajit-rocks/luajit-2.1 -I/home/deeprl/torch/exe/luajit-rocks/luajit-2.1/src    -o CMakeFiles/cmTryCompileExec4260364505.dir/src.c.o   -c /home/deeprl/torch/build/CMakeFiles/CMakeTmp/src.c
Linking C executable cmTryCompileExec4260364505
/usr/bin/cmake -E cmake_link_script CMakeFiles/cmTryCompileExec4260364505.dir/link.txt --verbose=1
/usr/bin/cc   -DLJ_ARCH_HASFPU_1    CMakeFiles/cmTryCompileExec4260364505.dir/src.c.o  -o cmTryCompileExec4260364505 -rdynamic -ldl 
make[1]: Leaving directory `/home/deeprl/torch/build/CMakeFiles/CMakeTmp'

Source file was:

#undef LJ_ARCH_HASFPU
#include "lj_arch.h"
#if LJ_ARCH_HASFPU == 1
int main() { return 0; }
#else
#error "not defined"
#endif

Determining if the function sin exists in the m passed with the following output:
Change Dir: /home/deeprl/torch/build/CMakeFiles/CMakeTmp

Run Build Command:/usr/bin/make "cmTryCompileExec2942611269/fast"
/usr/bin/make -f CMakeFiles/cmTryCompileExec2942611269.dir/build.make CMakeFiles/cmTryCompileExec2942611269.dir/build
make[1]: Entering directory `/home/deeprl/torch/build/CMakeFiles/CMakeTmp'
/usr/bin/cmake -E cmake_progress_report /home/deeprl/torch/build/CMakeFiles/CMakeTmp/CMakeFiles 1
Building C object CMakeFiles/cmTryCompileExec2942611269.dir/CheckFunctionExists.c.o
/usr/bin/cc   -DCHECK_FUNCTION_EXISTS=sin   -o CMakeFiles/cmTryCompileExec2942611269.dir/CheckFunctionExists.c.o   -c /usr/share/cmake-2.8/Modules/CheckFunctionExists.c
<command-line>:0:23: warning: conflicting types for built-in function ‘sin’ [enabled by default]
/usr/share/cmake-2.8/Modules/CheckFunctionExists.c:3:6: note: in expansion of macro ‘CHECK_FUNCTION_EXISTS’
 char CHECK_FUNCTION_EXISTS();
      ^
Linking C executable cmTryCompileExec2942611269
/usr/bin/cmake -E cmake_link_script CMakeFiles/cmTryCompileExec2942611269.dir/link.txt --verbose=1
/usr/bin/cc   -DCHECK_FUNCTION_EXISTS=sin    CMakeFiles/cmTryCompileExec2942611269.dir/CheckFunctionExists.c.o  -o cmTryCompileExec2942611269 -rdynamic -lm -ldl 
make[1]: Leaving directory `/home/deeprl/torch/build/CMakeFiles/CMakeTmp'


