Determining if the pthread_create exist failed with the following output:
Change Dir: /home/deeprl/torch/build/CMakeFiles/CMakeTmp

Run Build Command:/usr/bin/make "cmTryCompileExec4266241488/fast"
/usr/bin/make -f CMakeFiles/cmTryCompileExec4266241488.dir/build.make CMakeFiles/cmTryCompileExec4266241488.dir/build
make[1]: Entering directory `/home/deeprl/torch/build/CMakeFiles/CMakeTmp'
/usr/bin/cmake -E cmake_progress_report /home/deeprl/torch/build/CMakeFiles/CMakeTmp/CMakeFiles 1
Building C object CMakeFiles/cmTryCompileExec4266241488.dir/CheckSymbolExists.c.o
/usr/bin/cc    -o CMakeFiles/cmTryCompileExec4266241488.dir/CheckSymbolExists.c.o   -c /home/deeprl/torch/build/CMakeFiles/CMakeTmp/CheckSymbolExists.c
Linking C executable cmTryCompileExec4266241488
/usr/bin/cmake -E cmake_link_script CMakeFiles/cmTryCompileExec4266241488.dir/link.txt --verbose=1
/usr/bin/cc       CMakeFiles/cmTryCompileExec4266241488.dir/CheckSymbolExists.c.o  -o cmTryCompileExec4266241488 -rdynamic -ldl 
CMakeFiles/cmTryCompileExec4266241488.dir/CheckSymbolExists.c.o: In function `main':
CheckSymbolExists.c:(.text+0x16): undefined reference to `pthread_create'
collect2: error: ld returned 1 exit status
make[1]: Leaving directory `/home/deeprl/torch/build/CMakeFiles/CMakeTmp'
make[1]: *** [cmTryCompileExec4266241488] Error 1
make: *** [cmTryCompileExec4266241488/fast] Error 2

File /home/deeprl/torch/build/CMakeFiles/CMakeTmp/CheckSymbolExists.c:
/* */
#include <pthread.h>

int main(int argc, char** argv)
{
  (void)argv;
#ifndef pthread_create
  return ((int*)(&pthread_create))[argc];
#else
  (void)argc;
  return 0;
#endif
}

Determining if the function pthread_create exists in the pthreads failed with the following output:
Change Dir: /home/deeprl/torch/build/CMakeFiles/CMakeTmp

Run Build Command:/usr/bin/make "cmTryCompileExec4273380106/fast"
/usr/bin/make -f CMakeFiles/cmTryCompileExec4273380106.dir/build.make CMakeFiles/cmTryCompileExec4273380106.dir/build
make[1]: Entering directory `/home/deeprl/torch/build/CMakeFiles/CMakeTmp'
/usr/bin/cmake -E cmake_progress_report /home/deeprl/torch/build/CMakeFiles/CMakeTmp/CMakeFiles 1
Building C object CMakeFiles/cmTryCompileExec4273380106.dir/CheckFunctionExists.c.o
/usr/bin/cc   -DCHECK_FUNCTION_EXISTS=pthread_create   -o CMakeFiles/cmTryCompileExec4273380106.dir/CheckFunctionExists.c.o   -c /usr/share/cmake-2.8/Modules/CheckFunctionExists.c
Linking C executable cmTryCompileExec4273380106
/usr/bin/cmake -E cmake_link_script CMakeFiles/cmTryCompileExec4273380106.dir/link.txt --verbose=1
/usr/bin/cc   -DCHECK_FUNCTION_EXISTS=pthread_create    CMakeFiles/cmTryCompileExec4273380106.dir/CheckFunctionExists.c.o  -o cmTryCompileExec4273380106 -rdynamic -lpthreads -ldl 
/usr/bin/ld: cannot find -lpthreads
collect2: error: ld returned 1 exit status
make[1]: *** [cmTryCompileExec4273380106] Error 1
make[1]: Leaving directory `/home/deeprl/torch/build/CMakeFiles/CMakeTmp'
make: *** [cmTryCompileExec4273380106/fast] Error 2


Performing C SOURCE FILE Test LJ_DUALNUM_1 failed with the following output:
Change Dir: /home/deeprl/torch/build/CMakeFiles/CMakeTmp

Run Build Command:/usr/bin/make "cmTryCompileExec1458609257/fast"
/usr/bin/make -f CMakeFiles/cmTryCompileExec1458609257.dir/build.make CMakeFiles/cmTryCompileExec1458609257.dir/build
make[1]: Entering directory `/home/deeprl/torch/build/CMakeFiles/CMakeTmp'
/usr/bin/cmake -E cmake_progress_report /home/deeprl/torch/build/CMakeFiles/CMakeTmp/CMakeFiles 1
Building C object CMakeFiles/cmTryCompileExec1458609257.dir/src.c.o
/usr/bin/cc   -DLJ_DUALNUM_1 -I/home/deeprl/torch/build/exe/luajit-rocks/luajit-2.1 -I/home/deeprl/torch/exe/luajit-rocks/luajit-2.1/src    -o CMakeFiles/cmTryCompileExec1458609257.dir/src.c.o   -c /home/deeprl/torch/build/CMakeFiles/CMakeTmp/src.c
/home/deeprl/torch/build/CMakeFiles/CMakeTmp/src.c:7:2: error: #error "not defined"
 #error "not defined"
  ^
make[1]: *** [CMakeFiles/cmTryCompileExec1458609257.dir/src.c.o] Error 1
make[1]: Leaving directory `/home/deeprl/torch/build/CMakeFiles/CMakeTmp'
make: *** [cmTryCompileExec1458609257/fast] Error 2

Source file was:

#undef LJ_DUALNUM
#include "lj_arch.h"
#if LJ_DUALNUM == 1
int main() { return 0; }
#else
#error "not defined"
#endif

Performing C SOURCE FILE Test LJ_ABI_SOFTFP_1 failed with the following output:
Change Dir: /home/deeprl/torch/build/CMakeFiles/CMakeTmp

Run Build Command:/usr/bin/make "cmTryCompileExec3702649879/fast"
/usr/bin/make -f CMakeFiles/cmTryCompileExec3702649879.dir/build.make CMakeFiles/cmTryCompileExec3702649879.dir/build
make[1]: Entering directory `/home/deeprl/torch/build/CMakeFiles/CMakeTmp'
/usr/bin/cmake -E cmake_progress_report /home/deeprl/torch/build/CMakeFiles/CMakeTmp/CMakeFiles 1
Building C object CMakeFiles/cmTryCompileExec3702649879.dir/src.c.o
/usr/bin/cc   -DLJ_ABI_SOFTFP_1 -I/home/deeprl/torch/build/exe/luajit-rocks/luajit-2.1 -I/home/deeprl/torch/exe/luajit-rocks/luajit-2.1/src    -o CMakeFiles/cmTryCompileExec3702649879.dir/src.c.o   -c /home/deeprl/torch/build/CMakeFiles/CMakeTmp/src.c
/home/deeprl/torch/build/CMakeFiles/CMakeTmp/src.c:7:2: error: #error "not defined"
 #error "not defined"
  ^
make[1]: Leaving directory `/home/deeprl/torch/build/CMakeFiles/CMakeTmp'
make[1]: *** [CMakeFiles/cmTryCompileExec3702649879.dir/src.c.o] Error 1
make: *** [cmTryCompileExec3702649879/fast] Error 2

Source file was:

#undef LJ_ABI_SOFTFP
#include "lj_arch.h"
#if LJ_ABI_SOFTFP == 1
int main() { return 0; }
#else
#error "not defined"
#endif

